2025-10-29 17:59:27,107 [INFO] Activator:176 - 


2025-10-29 17:59:27,113 [INFO] Activator:177 - !SESSION log4j initialized
2025-10-29 17:59:32,772 [INFO] LogOutputStream:77 - [STDOUT_REDIRECT] 
2025-10-29 17:59:33,900 [INFO] ApplicationProperties:184 - Using Application install path: /home/y360/st/stm32cubeide_1.19.0/plugins/com.st.stm32cube.common.mx_6.15.0.202507011659
2025-10-29 17:59:33,951 [INFO] DbMcusXml:78 - Set database path to: /home/y360/st/stm32cubeide_1.19.0/plugins/com.st.stm32cube.common.mx_6.15.0.202507011659//db//mcu/
2025-10-29 17:59:33,951 [INFO] ApiDb:274 - Set plugin database path to: /home/y360/st/stm32cubeide_1.19.0/plugins/com.st.stm32cube.common.mx_6.15.0.202507011659//db//plugins/boardmanager/
2025-10-29 17:59:33,952 [WARN] ApiDb:259 - Overriding images path with different value:  => /home/y360/st/stm32cubeide_1.19.0/plugins/com.st.stm32cube.common.mx_6.15.0.202507011659//db//plugins/mcufinder/images/
2025-10-29 17:59:33,965 [INFO] ApiDb:250 - Set database path to: /home/y360/.stmcufinder/plugins/mcufinder//mcu/
2025-10-29 17:59:33,968 [INFO] DbMcusAds:125 - Set database path to: /home/y360/.stmcufinder/plugins/mcufinder//mcu/
2025-10-29 17:59:33,974 [INFO] CrossReferenceDbSqlite:203 - Set database path to: /home/y360/.stmcufinder/plugins/mcufinder//mcu/cs/
2025-10-29 17:59:34,175 [INFO] RulesReader:64 - Compatibility file has been processed (317 Rules)
2025-10-29 17:59:34,246 [INFO] DbMcusXml:78 - Set database path to: /home/y360/st/stm32cubeide_1.19.0/plugins/com.st.stm32cube.common.mx_6.15.0.202507011659//db//mcu/
2025-10-29 17:59:34,246 [INFO] ApiDb:274 - Set plugin database path to: /home/y360/st/stm32cubeide_1.19.0/plugins/com.st.stm32cube.common.mx_6.15.0.202507011659//db//plugins/boardmanager/
2025-10-29 17:59:34,246 [INFO] ApiDb:261 - Set plugin images path to: /home/y360/st/stm32cubeide_1.19.0/plugins/com.st.stm32cube.common.mx_6.15.0.202507011659//db//plugins/mcufinder/images/
2025-10-29 17:59:34,246 [WARN] DbFile:41 - Overriding database path with different value: /home/y360/.stmcufinder/plugins/mcufinder/ => /home/y360/.stmcufinder/plugins/mcufinder
2025-10-29 17:59:34,246 [INFO] ApiDb:250 - Set database path to: /home/y360/.stmcufinder/plugins/mcufinder//mcu/
2025-10-29 17:59:34,246 [WARN] DbFile:41 - Overriding database path with different value: /home/y360/.stmcufinder/plugins/mcufinder/ => /home/y360/.stmcufinder/plugins/mcufinder
2025-10-29 17:59:34,246 [INFO] DbMcusAds:125 - Set database path to: /home/y360/.stmcufinder/plugins/mcufinder//mcu/
2025-10-29 17:59:34,246 [WARN] DbFile:41 - Overriding database path with different value: /home/y360/.stmcufinder/plugins/mcufinder/ => /home/y360/.stmcufinder/plugins/mcufinder
2025-10-29 17:59:34,247 [WARN] DbFile:41 - Overriding database path with different value: /home/y360/.stmcufinder/plugins/mcufinder/ => /home/y360/.stmcufinder/plugins/mcufinder
2025-10-29 17:59:34,247 [INFO] CrossReferenceDbSqlite:203 - Set database path to: /home/y360/.stmcufinder/plugins/mcufinder//mcu/cs/
2025-10-29 17:59:34,348 [INFO] MainPanel:274 - HeapMemory: 268435456
2025-10-29 17:59:34,547 [INFO] DbMcusXml:78 - Set database path to: /home/y360/st/stm32cubeide_1.19.0/plugins/com.st.stm32cube.common.mx_6.15.0.202507011659//db//mcu/
2025-10-29 17:59:34,547 [INFO] ApiDb:274 - Set plugin database path to: /home/y360/st/stm32cubeide_1.19.0/plugins/com.st.stm32cube.common.mx_6.15.0.202507011659//db//plugins/boardmanager/
2025-10-29 17:59:34,547 [INFO] ApiDb:261 - Set plugin images path to: /home/y360/st/stm32cubeide_1.19.0/plugins/com.st.stm32cube.common.mx_6.15.0.202507011659//db//plugins/mcufinder/images/
2025-10-29 17:59:34,548 [WARN] DbFile:41 - Overriding database path with different value: /home/y360/.stmcufinder/plugins/mcufinder/ => /home/y360/.stmcufinder/plugins/mcufinder
2025-10-29 17:59:34,548 [INFO] ApiDb:250 - Set database path to: /home/y360/.stmcufinder/plugins/mcufinder//mcu/
2025-10-29 17:59:34,548 [WARN] DbFile:41 - Overriding database path with different value: /home/y360/.stmcufinder/plugins/mcufinder/ => /home/y360/.stmcufinder/plugins/mcufinder
2025-10-29 17:59:34,548 [INFO] DbMcusAds:125 - Set database path to: /home/y360/.stmcufinder/plugins/mcufinder//mcu/
2025-10-29 17:59:34,548 [WARN] DbFile:41 - Overriding database path with different value: /home/y360/.stmcufinder/plugins/mcufinder/ => /home/y360/.stmcufinder/plugins/mcufinder
2025-10-29 17:59:34,548 [WARN] DbFile:41 - Overriding database path with different value: /home/y360/.stmcufinder/plugins/mcufinder/ => /home/y360/.stmcufinder/plugins/mcufinder
2025-10-29 17:59:34,548 [INFO] CrossReferenceDbSqlite:203 - Set database path to: /home/y360/.stmcufinder/plugins/mcufinder//mcu/cs/
2025-10-29 17:59:34,565 [INFO] ApplicationProperties:184 - Using Application install path: /home/y360/st/stm32cubeide_1.19.0/plugins/com.st.stm32cube.common.mx_6.15.0.202507011659
2025-10-29 17:59:34,567 [INFO] PluginManage:196 - Search for loadable plugins [exclusion list=, ]
2025-10-29 17:59:34,569 [INFO] PluginManage:310 - Check plugin analytics
2025-10-29 17:59:34,800 [INFO] AnalyticsPlugin:253 - Accepted Software Licenses: 
2025-10-29 17:59:34,801 [INFO] AnalyticsPlugin:255 - Accepted CMSIS Pack Licenses: 
2025-10-29 17:59:34,801 [INFO] AnalyticsPlugin:257 - Accepted Firmware Licenses: FW.L4.1.18.0
2025-10-29 17:59:34,803 [INFO] PluginManage:359 - Loaded plugin analytics (category:tool,tabindex:-1)
2025-10-29 17:59:34,803 [INFO] PluginManage:310 - Check plugin cadmodel
2025-10-29 17:59:34,808 [INFO] CADModel:105 - Init CAD model plugin
2025-10-29 17:59:34,809 [INFO] PluginManage:359 - Loaded plugin cadmodel (category:power,tabindex:5)
2025-10-29 17:59:34,809 [INFO] PluginManage:310 - Check plugin clock
2025-10-29 17:59:34,824 [INFO] PluginManage:359 - Loaded plugin clock (category:base,tabindex:2)
2025-10-29 17:59:34,824 [INFO] PluginManage:310 - Check plugin ddr
2025-10-29 17:59:34,827 [INFO] PluginManage:359 - Loaded plugin ddr (category:tool,tabindex:6)
2025-10-29 17:59:34,828 [INFO] PluginManage:310 - Check plugin filemanager
2025-10-29 17:59:35,019 [INFO] PluginManage:359 - Loaded plugin filemanager (category:base,tabindex:10)
2025-10-29 17:59:35,019 [INFO] PluginManage:310 - Check plugin ipmanager
2025-10-29 17:59:35,024 [INFO] PluginManage:359 - Loaded plugin ipmanager (category:base,tabindex:5)
2025-10-29 17:59:35,025 [INFO] PluginManage:310 - Check plugin lpbam
2025-10-29 17:59:35,037 [INFO] PluginManage:359 - Loaded plugin lpbam (category:base,tabindex:0)
2025-10-29 17:59:35,038 [INFO] PluginManage:310 - Check plugin memorymap
2025-10-29 17:59:35,052 [INFO] PluginManage:359 - Loaded plugin memorymap (category:base,tabindex:4)
2025-10-29 17:59:35,052 [INFO] PluginManage:310 - Check plugin pinoutandconfiguration
2025-10-29 17:59:35,062 [INFO] PluginManage:359 - Loaded plugin pinoutandconfiguration (category:base,tabindex:1)
2025-10-29 17:59:35,062 [INFO] PluginManage:310 - Check plugin pinoutconfig
2025-10-29 17:59:35,188 [WARN] SupportedApi:132 - Cannot load RTOS API schema: s4s-elt-must-match.1: The content of 'definitions' must match (annotation?, (simpleType | complexType)?, (unique | key | keyref)*)). A problem was found starting at: attribute.
2025-10-29 17:59:35,332 [INFO] PluginManage:359 - Loaded plugin pinoutconfig (category:base,tabindex:0)
2025-10-29 17:59:35,332 [INFO] PluginManage:310 - Check plugin power
2025-10-29 17:59:35,342 [INFO] PluginManage:359 - Loaded plugin power (category:power,tabindex:4)
2025-10-29 17:59:35,342 [INFO] PluginManage:310 - Check plugin projectmanager
2025-10-29 17:59:35,358 [INFO] PluginManage:359 - Loaded plugin projectmanager (category:projectmanager,tabindex:4)
2025-10-29 17:59:35,359 [INFO] PluginManage:310 - Check plugin rif
2025-10-29 17:59:35,371 [INFO] PluginManage:359 - Loaded plugin rif (category:base,tabindex:3)
2025-10-29 17:59:35,371 [INFO] PluginManage:310 - Check plugin thirdparty
2025-10-29 17:59:35,489 [INFO] PluginManage:359 - Loaded plugin thirdparty (category:base,tabindex:-1)
2025-10-29 17:59:35,489 [INFO] PluginManage:310 - Check plugin tools
2025-10-29 17:59:35,489 [WARN] IntegrityCheckThread:84 - waiting for thirdparty lock release [integrity check]
2025-10-29 17:59:35,489 [INFO] IntegrityCheckThread:86 - entering critical section [integrity check]
2025-10-29 17:59:35,490 [INFO] ThirdPartyUpdaterWithRetryManager:70 - Updater plugin not ready yet. [1/15]
2025-10-29 17:59:35,491 [INFO] PluginManage:359 - Loaded plugin tools (category:base,tabindex:7)
2025-10-29 17:59:35,492 [INFO] PluginManage:310 - Check plugin tutovideos
2025-10-29 17:59:35,769 [INFO] PluginManage:359 - Loaded plugin tutovideos (category:base,tabindex:-1)
2025-10-29 17:59:35,770 [INFO] PluginManage:310 - Check plugin updater
2025-10-29 17:59:35,812 [INFO] PluginManage:359 - Loaded plugin updater (category:base,tabindex:12)
2025-10-29 17:59:35,812 [INFO] PluginManage:310 - Check plugin userauth
2025-10-29 17:59:35,820 [INFO] UserAuth:118 - Init User Auth plugin
2025-10-29 17:59:35,823 [INFO] PluginManage:359 - Loaded plugin userauth (category:base,tabindex:14)
2025-10-29 17:59:35,823 [INFO] PluginManage:283 - PluginManage : Loaded plugins [18]
2025-10-29 17:59:36,108 [INFO] PinOutPanel:1589 - setPackage(No Configuration,No Configuration)
2025-10-29 17:59:36,201 [INFO] CADModel:165 - CPN selected for project level
2025-10-29 17:59:36,201 [INFO] CADModel:114 - Register for checkConnection events
2025-10-29 17:59:36,212 [INFO] IPUIPlugin:80 - create IPUIPlugin
2025-10-29 17:59:36,212 [INFO] PluginManager:220 - loadIPPluginJar : add ucpd
2025-10-29 17:59:36,214 [INFO] IPUIPlugin:80 - create IPUIPlugin
2025-10-29 17:59:36,214 [INFO] PluginManager:220 - loadIPPluginJar : add ltdc
2025-10-29 17:59:36,219 [INFO] IPUIPlugin:80 - create IPUIPlugin
2025-10-29 17:59:36,219 [INFO] PluginManager:220 - loadIPPluginJar : add gpio
2025-10-29 17:59:36,225 [INFO] IPUIPlugin:80 - create IPUIPlugin
2025-10-29 17:59:36,225 [INFO] PluginManager:220 - loadIPPluginJar : add i2c
2025-10-29 17:59:36,227 [INFO] IPUIPlugin:80 - create IPUIPlugin
2025-10-29 17:59:36,227 [INFO] PluginManager:220 - loadIPPluginJar : add ts
2025-10-29 17:59:36,229 [INFO] IPUIPlugin:80 - create IPUIPlugin
2025-10-29 17:59:36,230 [INFO] PluginManager:220 - loadIPPluginJar : add gtzc
2025-10-29 17:59:36,231 [INFO] IPUIPlugin:80 - create IPUIPlugin
2025-10-29 17:59:36,231 [INFO] PluginManager:220 - loadIPPluginJar : add quadspi
2025-10-29 17:59:36,235 [INFO] IPUIPlugin:80 - create IPUIPlugin
2025-10-29 17:59:36,235 [INFO] PluginManager:220 - loadIPPluginJar : add opamp
2025-10-29 17:59:36,238 [INFO] IPUIPlugin:80 - create IPUIPlugin
2025-10-29 17:59:36,238 [INFO] PluginManager:220 - loadIPPluginJar : add usart
2025-10-29 17:59:36,241 [INFO] IPUIPlugin:80 - create IPUIPlugin
2025-10-29 17:59:36,241 [INFO] PluginManager:220 - loadIPPluginJar : add usbx
2025-10-29 17:59:36,247 [INFO] IPUIPlugin:80 - create IPUIPlugin
2025-10-29 17:59:36,247 [INFO] PluginManager:220 - loadIPPluginJar : add gic
2025-10-29 17:59:36,248 [INFO] IPUIPlugin:80 - create IPUIPlugin
2025-10-29 17:59:36,248 [INFO] PluginManager:220 - loadIPPluginJar : add tsc
2025-10-29 17:59:36,250 [INFO] IPUIPlugin:80 - create IPUIPlugin
2025-10-29 17:59:36,250 [INFO] PluginManager:220 - loadIPPluginJar : add lorawan
2025-10-29 17:59:36,252 [INFO] IPUIPlugin:80 - create IPUIPlugin
2025-10-29 17:59:36,252 [INFO] PluginManager:220 - loadIPPluginJar : add hash
2025-10-29 17:59:36,254 [INFO] IPUIPlugin:80 - create IPUIPlugin
2025-10-29 17:59:36,254 [INFO] PluginManager:220 - loadIPPluginJar : add aes
2025-10-29 17:59:36,257 [INFO] IPUIPlugin:80 - create IPUIPlugin
2025-10-29 17:59:36,258 [INFO] PluginManager:220 - loadIPPluginJar : add cryp
2025-10-29 17:59:36,260 [INFO] IPUIPlugin:80 - create IPUIPlugin
2025-10-29 17:59:36,260 [INFO] PluginManager:220 - loadIPPluginJar : add dfsdm
2025-10-29 17:59:36,267 [INFO] IPUIPlugin:80 - create IPUIPlugin
2025-10-29 17:59:36,267 [INFO] PluginManager:220 - loadIPPluginJar : add stm32_wpan
2025-10-29 17:59:36,271 [INFO] IPUIPlugin:80 - create IPUIPlugin
2025-10-29 17:59:36,271 [INFO] PluginManager:220 - loadIPPluginJar : add ipddr
2025-10-29 17:59:36,273 [INFO] IPUIPlugin:80 - create IPUIPlugin
2025-10-29 17:59:36,273 [INFO] PluginManager:220 - loadIPPluginJar : add spi
2025-10-29 17:59:36,274 [INFO] IPUIPlugin:80 - create IPUIPlugin
2025-10-29 17:59:36,274 [INFO] PluginManager:220 - loadIPPluginJar : add fatfs
2025-10-29 17:59:36,280 [INFO] IPUIPlugin:80 - create IPUIPlugin
2025-10-29 17:59:36,280 [INFO] PluginManager:220 - loadIPPluginJar : add freertos
2025-10-29 17:59:36,282 [INFO] IPUIPlugin:80 - create IPUIPlugin
2025-10-29 17:59:36,283 [INFO] PluginManager:220 - loadIPPluginJar : add i3c
2025-10-29 17:59:36,284 [INFO] IPUIPlugin:80 - create IPUIPlugin
2025-10-29 17:59:36,284 [INFO] PluginManager:220 - loadIPPluginJar : add tim
2025-10-29 17:59:36,285 [INFO] IPUIPlugin:80 - create IPUIPlugin
2025-10-29 17:59:36,286 [INFO] PluginManager:220 - loadIPPluginJar : add radio
2025-10-29 17:59:36,288 [INFO] IPUIPlugin:80 - create IPUIPlugin
2025-10-29 17:59:36,288 [INFO] PluginManager:220 - loadIPPluginJar : add i2s
2025-10-29 17:59:36,290 [INFO] IPUIPlugin:80 - create IPUIPlugin
2025-10-29 17:59:36,290 [INFO] PluginManager:220 - loadIPPluginJar : add pdm2pcm
2025-10-29 17:59:36,293 [INFO] IPUIPlugin:80 - create IPUIPlugin
2025-10-29 17:59:36,293 [INFO] PluginManager:220 - loadIPPluginJar : add sai
2025-10-29 17:59:36,300 [INFO] IPUIPlugin:80 - create IPUIPlugin
2025-10-29 17:59:36,300 [INFO] PluginManager:220 - loadIPPluginJar : add adc
2025-10-29 17:59:36,302 [INFO] IPUIPlugin:80 - create IPUIPlugin
2025-10-29 17:59:36,302 [INFO] PluginManager:220 - loadIPPluginJar : add gfxmmu
2025-10-29 17:59:36,306 [INFO] IPUIPlugin:80 - create IPUIPlugin
2025-10-29 17:59:36,307 [INFO] PluginManager:220 - loadIPPluginJar : add fmc
2025-10-29 17:59:36,309 [INFO] IPUIPlugin:80 - create IPUIPlugin
2025-10-29 17:59:36,309 [INFO] PluginManager:220 - loadIPPluginJar : add extmemmanager
2025-10-29 17:59:36,316 [INFO] IPUIPlugin:80 - create IPUIPlugin
2025-10-29 17:59:36,316 [INFO] PluginManager:220 - loadIPPluginJar : add dma
2025-10-29 17:59:36,318 [INFO] IPUIPlugin:80 - create IPUIPlugin
2025-10-29 17:59:36,318 [INFO] PluginManager:220 - loadIPPluginJar : add tracer_emb
2025-10-29 17:59:36,321 [INFO] IPUIPlugin:80 - create IPUIPlugin
2025-10-29 17:59:36,322 [INFO] PluginManager:220 - loadIPPluginJar : add nvic
2025-10-29 17:59:36,328 [INFO] IPUIPlugin:80 - create IPUIPlugin
2025-10-29 17:59:36,331 [INFO] PluginManager:220 - loadIPPluginJar : add plateformsettings
2025-10-29 17:59:36,334 [INFO] IPUIPlugin:80 - create IPUIPlugin
2025-10-29 17:59:36,334 [INFO] PluginManager:220 - loadIPPluginJar : add ddr_ctrl_phy
2025-10-29 17:59:36,335 [INFO] IPUIPlugin:80 - create IPUIPlugin
2025-10-29 17:59:36,335 [INFO] PluginManager:220 - loadIPPluginJar : add genericplugin
2025-10-29 17:59:36,337 [INFO] IPUIPlugin:80 - create IPUIPlugin
2025-10-29 17:59:36,338 [INFO] PluginManager:220 - loadIPPluginJar : add dma3
2025-10-29 17:59:36,339 [INFO] IPUIPlugin:80 - create IPUIPlugin
2025-10-29 17:59:36,339 [INFO] PluginManager:220 - loadIPPluginJar : add comp
2025-10-29 17:59:36,347 [INFO] IPUIPlugin:80 - create IPUIPlugin
2025-10-29 17:59:36,347 [INFO] PluginManager:220 - loadIPPluginJar : add linkedlist
2025-10-29 17:59:36,353 [INFO] IPUIPlugin:80 - create IPUIPlugin
2025-10-29 17:59:36,353 [INFO] PluginManager:220 - loadIPPluginJar : add mdma
2025-10-29 17:59:36,356 [INFO] IPUIPlugin:80 - create IPUIPlugin
2025-10-29 17:59:36,356 [INFO] PluginManager:220 - loadIPPluginJar : add touchsensing
2025-10-29 17:59:36,359 [INFO] IPUIPlugin:80 - create IPUIPlugin
2025-10-29 17:59:36,359 [INFO] PluginManager:220 - loadIPPluginJar : add openamp
2025-10-29 17:59:36,363 [INFO] IPUIPlugin:80 - create IPUIPlugin
2025-10-29 17:59:36,363 [INFO] PluginManager:220 - loadIPPluginJar : add resmgrutility
2025-10-29 17:59:36,365 [INFO] IPUIPlugin:80 - create IPUIPlugin
2025-10-29 17:59:36,365 [INFO] PluginManager:220 - loadIPPluginJar : add can
2025-10-29 17:59:36,470 [FATAL] Updater:351 - Updater called before beeing initialized
2025-10-29 17:59:36,512 [INFO] RulesReader:64 - Compatibility file has been processed (317 Rules)
2025-10-29 17:59:36,520 [INFO] RulesReader:64 - Compatibility file has been processed (317 Rules)
2025-10-29 17:59:36,527 [INFO] CADModel:165 - CPN selected for project level
2025-10-29 17:59:36,527 [INFO] CADModel:114 - Register for checkConnection events
2025-10-29 17:59:36,527 [FATAL] Updater:351 - Updater called before beeing initialized
2025-10-29 17:59:36,527 [ERROR] CADModel:125 - Updater not yet initialized, retry later 
2025-10-29 17:59:36,674 [FATAL] Updater:351 - Updater called before beeing initialized
2025-10-29 17:59:36,677 [INFO] CADModel:165 - CPN selected for project level
2025-10-29 17:59:36,677 [INFO] CADModel:114 - Register for checkConnection events
2025-10-29 17:59:36,677 [FATAL] Updater:351 - Updater called before beeing initialized
2025-10-29 17:59:36,677 [ERROR] CADModel:125 - Updater not yet initialized, retry later 
2025-10-29 17:59:36,681 [FATAL] Updater:351 - Updater called before beeing initialized
2025-10-29 17:59:36,761 [FATAL] Updater:351 - Updater called before beeing initialized
2025-10-29 17:59:36,765 [INFO] DbMcusAds:53 - JSON generation date=Thu Oct 02 11:36:05 CEST 2025 (1759397765645)
2025-10-29 17:59:36,766 [FATAL] Updater:351 - Updater called before beeing initialized
2025-10-29 17:59:36,817 [WARN] DetailPanel:346 - Failed to get advertising image, set to default
2025-10-29 17:59:36,898 [FATAL] Updater:351 - Updater called before beeing initialized
2025-10-29 17:59:36,901 [FATAL] Updater:351 - Updater called before beeing initialized
2025-10-29 17:59:36,901 [FATAL] Updater:351 - Updater called before beeing initialized
2025-10-29 17:59:36,901 [WARN] DetailPanel:346 - Failed to get advertising image, set to default
2025-10-29 17:59:36,902 [FATAL] Updater:351 - Updater called before beeing initialized
2025-10-29 17:59:36,934 [ERROR] Updater:1198 - MainUpdater not yet initialized. External WinMGr cannot be set.
2025-10-29 17:59:36,936 [INFO] Updater:1134 - Updater Version found : 6.15.0
2025-10-29 17:59:36,960 [INFO] ApplicationProperties:184 - Using Application install path: /home/y360/st/stm32cubeide_1.19.0/plugins/com.st.stm32cube.common.mx_6.15.0.202507011659
2025-10-29 17:59:37,791 [INFO] MainUpdater:2872 - connection check result : 10
2025-10-29 17:59:37,792 [INFO] MainUpdater:3604 - Updater definition file requires update
2025-10-29 17:59:37,792 [INFO] MainUpdater:289 - Updater Check For Update Now.
2025-10-29 17:59:37,793 [INFO] MicroXplorer:498 - Change Database Version : DB.6.0.150
2025-10-29 17:59:37,802 [INFO] McuFinderGlobals:63 - Set McuFinder mode to 2 (CubeIDE integrated)
2025-10-29 17:59:37,804 [INFO] UserAuth:487 - Internet connection configuration mode: 1
2025-10-29 17:59:37,837 [INFO] JxBrowserEngine:152 - Initiate JxBrowser Engine with user profile folder
2025-10-29 17:59:37,998 [INFO] ServerAccessManage:452 - Complete download http(s) 200
2025-10-29 17:59:38,000 [INFO] ServerAccessManage:509 - Download File updaters.zip
2025-10-29 17:59:38,491 [WARN] MainUpdater:1193 - Updater busy. Cannot search thirdparties
2025-10-29 17:59:38,492 [INFO] ThirdPartyUpdaterWithRetryManager:96 - Updater plugin is busy. [1/15]
2025-10-29 17:59:39,103 [INFO] WebApp:169 - Instantiating new browser for Auth
2025-10-29 17:59:40,029 [INFO] FileExtend:248 - Unzip File : updaters.zip
2025-10-29 17:59:40,029 [INFO] FileExtend:263 - Standard Zip Deflate
2025-10-29 17:59:40,158 [INFO] WebApp:463 - Apply proxy settings
2025-10-29 17:59:40,160 [INFO] WebApp:548 - Chromium requires no authentication
2025-10-29 17:59:40,182 [INFO] WebApp:491 - Direct internet connection detected
2025-10-29 17:59:40,264 [INFO] WebApp:900 - Register for checkConnection events
2025-10-29 17:59:40,265 [INFO] WebApp:463 - Apply proxy settings
2025-10-29 17:59:40,266 [INFO] WebApp:548 - Chromium requires no authentication
2025-10-29 17:59:40,268 [INFO] WebApp:491 - Direct internet connection detected
2025-10-29 17:59:40,482 [INFO] WebApp:225 - Starting web application
2025-10-29 17:59:40,482 [INFO] WebApp:593 - Web application path used /home/y360/st/stm32cubeide_1.19.0/plugins/com.st.stm32cube.common.mx_6.15.0.202507011659/db/plugins/mcufinder/reactClient1/index.html
2025-10-29 17:59:40,636 [INFO] UserAuth:487 - Internet connection configuration mode: 1
2025-10-29 17:59:40,808 [INFO] WebApp:191 - Connection restablished
2025-10-29 17:59:40,838 [INFO] ServerAccessManage:452 - Complete download http(s) 200
2025-10-29 17:59:40,839 [INFO] ServerAccessManage:509 - Download File PacksControlFlags.xml
2025-10-29 17:59:41,493 [WARN] MainUpdater:1193 - Updater busy. Cannot search thirdparties
2025-10-29 17:59:41,493 [INFO] ThirdPartyUpdaterWithRetryManager:96 - Updater plugin is busy. [2/15]
2025-10-29 17:59:41,505 [INFO] ServerAccessManage:452 - Complete download http(s) 200
2025-10-29 17:59:41,505 [INFO] ServerAccessManage:509 - Download File cubemx.pidx
2025-10-29 17:59:42,103 [INFO] ServerAccessManage:452 - Complete download http(s) 200
2025-10-29 17:59:42,104 [INFO] ServerAccessManage:509 - Download File STMicroelectronics.FP-SNS-MOTENV1.pdsc
2025-10-29 17:59:43,344 [INFO] ServerAccessManage:452 - Complete download http(s) 200
2025-10-29 17:59:43,345 [INFO] ServerAccessManage:509 - Download File STMicroelectronics.X-CUBE-GNSS1.pdsc
2025-10-29 17:59:44,494 [WARN] MainUpdater:1193 - Updater busy. Cannot search thirdparties
2025-10-29 17:59:44,494 [INFO] ThirdPartyUpdaterWithRetryManager:96 - Updater plugin is busy. [3/15]
2025-10-29 17:59:44,755 [ERROR] ServerAccessManage:1212 - Problem, file not found on Server
2025-10-29 17:59:45,020 [ERROR] ServerAccessManage:1212 - Problem, file not found on Server
2025-10-29 17:59:45,282 [ERROR] ServerAccessManage:1212 - Problem, file not found on Server
2025-10-29 17:59:45,514 [ERROR] ServerAccessManage:1212 - Problem, file not found on Server
2025-10-29 17:59:45,647 [ERROR] ServerAccessManage:1212 - Problem, file not found on Server
2025-10-29 17:59:46,007 [ERROR] ServerAccessManage:1212 - Problem, file not found on Server
2025-10-29 17:59:46,687 [WARN] PackLoader:240 - Cannot read IP mode file for STMicroelectronics.FP-SNS-MOTENV1.5.1.0
2025-10-29 17:59:46,707 [WARN] PackLoader:240 - Cannot read IP mode file for STMicroelectronics.X-CUBE-GNSS1.7.1.0
2025-10-29 17:59:46,712 [INFO] PopulateThirdPartyThread:66 - Ending populate Thread
2025-10-29 17:59:46,714 [INFO] ThirdParty:1030 - CMSIS Pack Vendor :STMicroelectronics X-CUBE-GNSS1 7.1.0
2025-10-29 17:59:46,714 [INFO] ThirdParty:1030 - CMSIS Pack Vendor :STMicroelectronics FP-SNS-MOTENV1 5.1.0
2025-10-29 17:59:46,715 [INFO] LoadServerUpdatesThread:375 - End of LoadServerUpdate Thread
2025-10-29 17:59:46,810 [INFO] CheckServerUpdateThread:120 - End of CheckServer Thread
2025-10-29 17:59:47,657 [WARN] PackLoader:240 - Cannot read IP mode file for STMicroelectronics.FP-SNS-MOTENVWB1.1.4.0
2025-10-29 17:59:47,665 [WARN] PackLoader:240 - Cannot read IP mode file for STMicroelectronics.FP-ATR-ASTRA1.2.0.2
2025-10-29 17:59:47,676 [WARN] PackLoader:240 - Cannot read IP mode file for STMicroelectronics.X-CUBE-SMBUS.2.1.0
2025-10-29 17:59:47,686 [WARN] PackLoader:240 - Cannot read IP mode file for STMicroelectronics.X-CUBE-ST60.1.0.0
2025-10-29 17:59:47,733 [WARN] PackLoader:240 - Cannot read IP mode file for STMicroelectronics.X-CUBE-AZRTOS-F7.1.1.0
2025-10-29 17:59:47,745 [WARN] PackLoader:240 - Cannot read IP mode file for Cesanta.I-CUBE-Mongoose.7.19.0
2025-10-29 17:59:47,750 [WARN] PackLoader:240 - Cannot read IP mode file for STMicroelectronics.FP-SNS-MOTENV1.5.1.0
2025-10-29 17:59:47,765 [WARN] PackLoader:240 - Cannot read IP mode file for WES.I-CUBE-Cesium.1.4.0
2025-10-29 17:59:47,809 [WARN] PackLoader:240 - Cannot read IP mode file for Infineon.AIROC-Wi-Fi-Bluetooth-STM32.1.7.1
2025-10-29 17:59:47,836 [WARN] PackLoader:240 - Cannot read IP mode file for STMicroelectronics.X-CUBE-AZRTOS-H7.3.4.0
2025-10-29 17:59:47,844 [WARN] PackLoader:240 - Cannot read IP mode file for STMicroelectronics.X-CUBE-DISPLAY.3.0.0
2025-10-29 17:59:47,853 [WARN] PackLoader:240 - Cannot read IP mode file for STMicroelectronics.X-CUBE-NFC10.1.0.0
2025-10-29 17:59:47,857 [WARN] PackLoader:240 - Cannot read IP mode file for STMicroelectronics.X-CUBE-ST60.1.1.0
2025-10-29 17:59:47,862 [WARN] PackLoader:240 - Cannot read IP mode file for emotas.I-CUBE-CANOPEN.1.3.0
2025-10-29 17:59:47,865 [WARN] PackLoader:240 - Cannot read IP mode file for STMicroelectronics.X-CUBE-GNSS1.7.1.0
2025-10-29 17:59:47,871 [WARN] PackLoader:240 - Cannot read IP mode file for STMicroelectronics.FP-SNS-STBOX1.2.1.0
2025-10-29 17:59:47,876 [WARN] PackLoader:240 - Cannot read IP mode file for STMicroelectronics.FP-SNS-SMARTAG2.1.2.0
2025-10-29 17:59:47,879 [WARN] PackLoader:240 - Cannot read IP mode file for STMicroelectronics.FP-SNS-FLIGHT1.5.1.0
2025-10-29 17:59:47,885 [INFO] LogOutputStream:77 - [STDOUT_REDIRECT] 1 : Invalid condition id : UX_CORESTACK_Condition cause : null
2025-10-29 17:59:47,886 [INFO] LogOutputStream:77 - [STDOUT_REDIRECT] 1 : Invalid condition id : UX_CORESTACK_Condition cause : null
2025-10-29 17:59:47,886 [INFO] LogOutputStream:77 - [STDOUT_REDIRECT] 1 : Invalid condition id : UX_CORESTACK_Condition cause : null
2025-10-29 17:59:47,886 [INFO] LogOutputStream:77 - [STDOUT_REDIRECT] 1 : Invalid condition id : UX_CORESTACK_Condition cause : null
2025-10-29 17:59:47,886 [INFO] LogOutputStream:77 - [STDOUT_REDIRECT] 1 : Invalid condition id : UX_CORESTACK_Condition cause : null
2025-10-29 17:59:47,889 [WARN] PackLoader:240 - Cannot read IP mode file for STMicroelectronics.X-CUBE-AZRTOS-WL.2.0.0
2025-10-29 17:59:47,893 [WARN] PackLoader:240 - Cannot read IP mode file for STMicroelectronics.FP-SNS-MOTENV1.5.0.0
2025-10-29 17:59:47,898 [WARN] PackLoader:240 - Cannot read IP mode file for STMicroelectronics.X-CUBE-BLE2.3.3.0
2025-10-29 17:59:47,903 [WARN] PackLoader:240 - Cannot read IP mode file for STMicroelectronics.X-CUBE-NFC9.1.0.0
2025-10-29 17:59:47,907 [WARN] PackLoader:240 - Cannot read IP mode file for wolfSSL.I-CUBE-wolfSSL.5.8.2
2025-10-29 17:59:47,911 [WARN] PackLoader:240 - Cannot read IP mode file for STMicroelectronics.X-CUBE-BLE1.7.1.0
2025-10-29 17:59:47,914 [WARN] PackLoader:240 - Cannot read IP mode file for wolfSSL.I-CUBE-wolfMQTT.1.19.2
2025-10-29 17:59:47,919 [WARN] PackLoader:240 - Cannot read IP mode file for STMicroelectronics.X-CUBE-EEPRMA1.5.2.0
2025-10-29 17:59:47,925 [WARN] PackLoader:240 - Cannot read IP mode file for STMicroelectronics.X-CUBE-ST67W61.1.1.0
2025-10-29 17:59:47,942 [WARN] PackLoader:240 - Cannot read IP mode file for STMicroelectronics.X-CUBE-AZRTOS-G0.1.1.0
2025-10-29 17:59:47,951 [WARN] PackLoader:240 - Cannot read IP mode file for STMicroelectronics.X-CUBE-SAFEA1.1.2.2
2025-10-29 17:59:47,959 [WARN] PackLoader:240 - Cannot read IP mode file for STMicroelectronics.X-CUBE-NFC4.3.0.0
2025-10-29 17:59:47,971 [WARN] PackLoader:240 - Cannot read IP mode file for EmbeddedOffice.I-CUBE-FS-RTOS.1.0.1
2025-10-29 17:59:47,978 [WARN] PackLoader:240 - Cannot read IP mode file for STMicroelectronics.X-CUBE-WB05N.2.0.0
2025-10-29 17:59:47,983 [WARN] PackLoader:240 - Cannot read IP mode file for wolfSSL.I-CUBE-wolfTPM.3.8.0
2025-10-29 17:59:47,990 [WARN] PackLoader:240 - Cannot read IP mode file for STMicroelectronics.X-CUBE-TCPP.4.2.0
2025-10-29 17:59:47,998 [WARN] PackLoader:240 - Cannot read IP mode file for RealThread.X-CUBE-RT-Thread_Nano.4.1.1
2025-10-29 17:59:48,003 [WARN] PackLoader:240 - Cannot read IP mode file for STMicroelectronics.FP-ATR-SIGFOX1.3.2.0
2025-10-29 17:59:48,010 [WARN] PackLoader:240 - Cannot read IP mode file for ITTIA_DB.I-CUBE-ITTIADB.8.9.0
2025-10-29 17:59:48,019 [WARN] PackLoader:240 - Cannot read IP mode file for STMicroelectronics.X-CUBE-ST67W61.1.0.0
2025-10-29 17:59:48,025 [WARN] PackLoader:240 - Cannot read IP mode file for STMicroelectronics.X-CUBE-AI.10.2.0
2025-10-29 17:59:48,059 [WARN] PackLoader:240 - Cannot read IP mode file for SEGGER.I-CUBE-embOS.1.3.1
2025-10-29 17:59:48,118 [WARN] PackLoader:240 - Cannot read IP mode file for STMicroelectronics.X-CUBE-ALGOBUILD.1.4.0
2025-10-29 17:59:48,179 [WARN] PackLoader:240 - Cannot read IP mode file for STMicroelectronics.X-CUBE-MEMS1.11.3.0
2025-10-29 17:59:48,353 [WARN] PackLoader:240 - Cannot read IP mode file for STMicroelectronics.X-CUBE-PM33A1.1.0.0
2025-10-29 17:59:48,387 [WARN] PackLoader:240 - Cannot read IP mode file for STMicroelectronics.X-CUBE-AZRTOS-F4.1.1.0
2025-10-29 17:59:48,397 [WARN] PackLoader:240 - Cannot read IP mode file for Avnet-IotConnect.X-CUBE-IoTC-DA16k-PMOD.1.0.0
2025-10-29 17:59:48,402 [WARN] PackLoader:240 - Cannot read IP mode file for STMicroelectronics.X-CUBE-ISPU.2.1.0
2025-10-29 17:59:48,423 [WARN] PackLoader:240 - Cannot read IP mode file for STMicroelectronics.X-CUBE-IPS.3.2.0
2025-10-29 17:59:48,441 [WARN] PackLoader:240 - Cannot read IP mode file for STMicroelectronics.X-CUBE-NFC12.1.0.0
2025-10-29 17:59:48,477 [WARN] PackLoader:240 - Cannot read IP mode file for STMicroelectronics.X-CUBE-AZRTOS-L5.2.0.0
2025-10-29 17:59:48,491 [WARN] PackLoader:240 - Cannot read IP mode file for STMicroelectronics.X-CUBE-NFC6.3.1.0
2025-10-29 17:59:48,501 [WARN] PackLoader:240 - Cannot read IP mode file for STMicroelectronics.X-CUBE-FREERTOS.1.3.1
2025-10-29 17:59:48,506 [WARN] PackLoader:240 - Cannot read IP mode file for STMicroelectronics.X-CUBE-TOUCHGFX.4.26.0
2025-10-29 17:59:48,512 [WARN] PackLoader:240 - Cannot read IP mode file for STMicroelectronics.FP-SNS-STAIOTCFT.1.0.0
2025-10-29 17:59:48,519 [WARN] PackLoader:240 - Cannot read IP mode file for STMicroelectronics.X-CUBE-DPower.1.3.0
2025-10-29 17:59:48,540 [WARN] ConditionMgr:438 - getConditionDescription Invalid condition id : LAN8742 Phy interface Condition cause : null
2025-10-29 17:59:48,541 [WARN] PackLoader:240 - Cannot read IP mode file for STMicroelectronics.X-CUBE-AZRTOS-L4.2.0.0
2025-10-29 17:59:48,543 [WARN] ConditionMgr:1044 - genDependencies : Invalid condition id : LAN8742 Phy interface Condition cause : null
2025-10-29 17:59:48,543 [WARN] ConditionMgr:1044 - genDependencies : Invalid condition id : LAN8742 Phy interface Condition cause : null
2025-10-29 17:59:48,544 [WARN] ConditionMgr:1044 - genDependencies : Invalid condition id : LAN8742 Phy interface Condition cause : null
2025-10-29 17:59:48,553 [WARN] PackLoader:240 - Cannot read IP mode file for STMicroelectronics.X-CUBE-SFXS2LP1.4.0.0
2025-10-29 17:59:48,567 [WARN] PackLoader:240 - Cannot read IP mode file for STMicroelectronics.X-CUBE-BLEMGR.4.1.0
2025-10-29 17:59:48,586 [WARN] ConditionMgr:438 - getConditionDescription Invalid condition id : UX DEVICE CLASS RTOS Condition cause : null
2025-10-29 17:59:48,587 [WARN] ConditionMgr:438 - getConditionDescription Invalid condition id : UX DEVICE CLASS RTOS Condition cause : null
2025-10-29 17:59:48,590 [WARN] PackLoader:240 - Cannot read IP mode file for STMicroelectronics.X-CUBE-AZRTOS-WB.2.0.0
2025-10-29 17:59:48,590 [WARN] ConditionMgr:1044 - genDependencies : Invalid condition id : UX DEVICE CLASS RTOS Condition cause : null
2025-10-29 17:59:48,590 [WARN] ConditionMgr:1044 - genDependencies : Invalid condition id : UX DEVICE CLASS RTOS Condition cause : null
2025-10-29 17:59:48,591 [WARN] ConditionMgr:1044 - genDependencies : Invalid condition id : UX DEVICE CLASS RTOS Condition cause : null
2025-10-29 17:59:48,591 [WARN] ConditionMgr:1044 - genDependencies : Invalid condition id : UX DEVICE CLASS RTOS Condition cause : null
2025-10-29 17:59:48,592 [WARN] ConditionMgr:1044 - genDependencies : Invalid condition id : UX DEVICE CLASS RTOS Condition cause : null
2025-10-29 17:59:48,598 [WARN] PackLoader:240 - Cannot read IP mode file for STMicroelectronics.X-CUBE-GNSS1.7.0.1
2025-10-29 17:59:48,604 [WARN] PackLoader:240 - Cannot read IP mode file for STMicroelectronics.X-CUBE-TOUCHGFX.4.25.0
2025-10-29 17:59:48,607 [WARN] ConditionMgr:438 - getConditionDescription Invalid condition id : Cortex-A Device cause : null
2025-10-29 17:59:48,622 [WARN] ConditionMgr:1044 - genDependencies : Invalid condition id : Cortex-A Device cause : null
2025-10-29 17:59:48,622 [WARN] ConditionMgr:1044 - genDependencies : Invalid condition id : Cortex-A Device cause : null
2025-10-29 17:59:48,622 [WARN] ConditionMgr:1044 - genDependencies : Invalid condition id : Cortex-A Device cause : null
2025-10-29 17:59:48,634 [WARN] PackLoader:240 - Cannot read IP mode file for STMicroelectronics.X-CUBE-SUBG2.5.0.0
2025-10-29 17:59:48,661 [WARN] PackLoader:240 - Cannot read IP mode file for STMicroelectronics.X-CUBE-AZRTOS-H7RS.1.1.0
2025-10-29 17:59:48,681 [WARN] PackLoader:240 - Cannot read IP mode file for STMicroelectronics.X-CUBE-AZRTOS-G4.2.0.0
2025-10-29 17:59:48,687 [WARN] PackLoader:240 - Cannot read IP mode file for wolfSSL.I-CUBE-wolfSSH.1.4.20
2025-10-29 17:59:48,693 [WARN] PackLoader:240 - Cannot read IP mode file for STMicroelectronics.X-CUBE-NFC7.2.0.0
2025-10-29 17:59:48,710 [WARN] PackLoader:240 - Cannot read IP mode file for STMicroelectronics.X-CUBE-IPS.3.1.0
2025-10-29 17:59:48,720 [WARN] PackLoader:240 - Cannot read IP mode file for STMicroelectronics.X-CUBE-ALS.1.0.2
2025-10-29 17:59:48,728 [WARN] PackLoader:240 - Cannot read IP mode file for STMicroelectronics.X-CUBE-STSE01.1.0.0
2025-10-29 17:59:48,743 [WARN] PackLoader:240 - Cannot read IP mode file for STMicroelectronics.X-CUBE-TOF1.3.4.3
2025-10-29 17:59:48,757 [INFO] ThirdParty:978 - Integrity check success = true
2025-10-29 17:59:48,757 [INFO] IntegrityCheckThread:100 - exiting critical section [integrity check]
2025-10-29 17:59:48,757 [INFO] IntegrityCheckThread:103 - End integrity checks thread
2025-10-29 19:36:41,447 [INFO] WebApp:194 - Connection lost
2025-10-29 19:36:49,570 [INFO] WebApp:191 - Connection restablished
2025-10-29 19:48:12,703 [ERROR] LogOutputStream:75 - [STDERR_REDIRECT] 
