2025-10-27 11:03:06,124 [INFO] Activator:176 - 


2025-10-27 11:03:06,128 [INFO] Activator:177 - !SESSION log4j initialized
2025-10-27 11:03:10,411 [INFO] LogOutputStream:77 - [STDOUT_REDIRECT] 
2025-10-27 11:03:10,136 [INFO] ApplicationProperties:184 - Using Application install path: /home/y360/st/stm32cubeide_1.19.0/plugins/com.st.stm32cube.common.mx_6.15.0.202507011659
2025-10-27 11:03:10,171 [INFO] DbMcusXml:78 - Set database path to: /home/y360/st/stm32cubeide_1.19.0/plugins/com.st.stm32cube.common.mx_6.15.0.202507011659//db//mcu/
2025-10-27 11:03:10,171 [INFO] ApiDb:274 - Set plugin database path to: /home/y360/st/stm32cubeide_1.19.0/plugins/com.st.stm32cube.common.mx_6.15.0.202507011659//db//plugins/boardmanager/
2025-10-27 11:03:10,171 [WARN] ApiDb:259 - Overriding images path with different value:  => /home/y360/st/stm32cubeide_1.19.0/plugins/com.st.stm32cube.common.mx_6.15.0.202507011659//db//plugins/mcufinder/images/
2025-10-27 11:03:10,182 [INFO] ApiDb:250 - Set database path to: /home/y360/.stmcufinder/plugins/mcufinder//mcu/
2025-10-27 11:03:10,184 [INFO] DbMcusAds:125 - Set database path to: /home/y360/.stmcufinder/plugins/mcufinder//mcu/
2025-10-27 11:03:10,188 [INFO] CrossReferenceDbSqlite:203 - Set database path to: /home/y360/.stmcufinder/plugins/mcufinder//mcu/cs/
2025-10-27 11:03:10,349 [INFO] RulesReader:64 - Compatibility file has been processed (317 Rules)
2025-10-27 11:03:10,418 [INFO] DbMcusXml:78 - Set database path to: /home/y360/st/stm32cubeide_1.19.0/plugins/com.st.stm32cube.common.mx_6.15.0.202507011659//db//mcu/
2025-10-27 11:03:10,419 [INFO] ApiDb:274 - Set plugin database path to: /home/y360/st/stm32cubeide_1.19.0/plugins/com.st.stm32cube.common.mx_6.15.0.202507011659//db//plugins/boardmanager/
2025-10-27 11:03:10,419 [INFO] ApiDb:261 - Set plugin images path to: /home/y360/st/stm32cubeide_1.19.0/plugins/com.st.stm32cube.common.mx_6.15.0.202507011659//db//plugins/mcufinder/images/
2025-10-27 11:03:10,419 [WARN] DbFile:41 - Overriding database path with different value: /home/y360/.stmcufinder/plugins/mcufinder/ => /home/y360/.stmcufinder/plugins/mcufinder
2025-10-27 11:03:10,419 [INFO] ApiDb:250 - Set database path to: /home/y360/.stmcufinder/plugins/mcufinder//mcu/
2025-10-27 11:03:10,419 [WARN] DbFile:41 - Overriding database path with different value: /home/y360/.stmcufinder/plugins/mcufinder/ => /home/y360/.stmcufinder/plugins/mcufinder
2025-10-27 11:03:10,419 [INFO] DbMcusAds:125 - Set database path to: /home/y360/.stmcufinder/plugins/mcufinder//mcu/
2025-10-27 11:03:10,419 [WARN] DbFile:41 - Overriding database path with different value: /home/y360/.stmcufinder/plugins/mcufinder/ => /home/y360/.stmcufinder/plugins/mcufinder
2025-10-27 11:03:10,420 [WARN] DbFile:41 - Overriding database path with different value: /home/y360/.stmcufinder/plugins/mcufinder/ => /home/y360/.stmcufinder/plugins/mcufinder
2025-10-27 11:03:10,420 [INFO] CrossReferenceDbSqlite:203 - Set database path to: /home/y360/.stmcufinder/plugins/mcufinder//mcu/cs/
2025-10-27 11:03:10,522 [INFO] MainPanel:274 - HeapMemory: 268435456
2025-10-27 11:03:10,735 [INFO] DbMcusXml:78 - Set database path to: /home/y360/st/stm32cubeide_1.19.0/plugins/com.st.stm32cube.common.mx_6.15.0.202507011659//db//mcu/
2025-10-27 11:03:10,735 [INFO] ApiDb:274 - Set plugin database path to: /home/y360/st/stm32cubeide_1.19.0/plugins/com.st.stm32cube.common.mx_6.15.0.202507011659//db//plugins/boardmanager/
2025-10-27 11:03:10,735 [INFO] ApiDb:261 - Set plugin images path to: /home/y360/st/stm32cubeide_1.19.0/plugins/com.st.stm32cube.common.mx_6.15.0.202507011659//db//plugins/mcufinder/images/
2025-10-27 11:03:10,736 [WARN] DbFile:41 - Overriding database path with different value: /home/y360/.stmcufinder/plugins/mcufinder/ => /home/y360/.stmcufinder/plugins/mcufinder
2025-10-27 11:03:10,736 [INFO] ApiDb:250 - Set database path to: /home/y360/.stmcufinder/plugins/mcufinder//mcu/
2025-10-27 11:03:10,736 [WARN] DbFile:41 - Overriding database path with different value: /home/y360/.stmcufinder/plugins/mcufinder/ => /home/y360/.stmcufinder/plugins/mcufinder
2025-10-27 11:03:10,737 [INFO] DbMcusAds:125 - Set database path to: /home/y360/.stmcufinder/plugins/mcufinder//mcu/
2025-10-27 11:03:10,737 [WARN] DbFile:41 - Overriding database path with different value: /home/y360/.stmcufinder/plugins/mcufinder/ => /home/y360/.stmcufinder/plugins/mcufinder
2025-10-27 11:03:10,737 [WARN] DbFile:41 - Overriding database path with different value: /home/y360/.stmcufinder/plugins/mcufinder/ => /home/y360/.stmcufinder/plugins/mcufinder
2025-10-27 11:03:10,737 [INFO] CrossReferenceDbSqlite:203 - Set database path to: /home/y360/.stmcufinder/plugins/mcufinder//mcu/cs/
2025-10-27 11:03:10,761 [INFO] ApplicationProperties:184 - Using Application install path: /home/y360/st/stm32cubeide_1.19.0/plugins/com.st.stm32cube.common.mx_6.15.0.202507011659
2025-10-27 11:03:10,763 [INFO] PluginManage:196 - Search for loadable plugins [exclusion list=, ]
2025-10-27 11:03:10,765 [INFO] PluginManage:310 - Check plugin analytics
2025-10-27 11:03:10,991 [INFO] AnalyticsPlugin:253 - Accepted Software Licenses: 
2025-10-27 11:03:10,992 [INFO] AnalyticsPlugin:255 - Accepted CMSIS Pack Licenses: 
2025-10-27 11:03:10,992 [INFO] AnalyticsPlugin:257 - Accepted Firmware Licenses: FW.L4.1.18.0
2025-10-27 11:03:10,995 [INFO] PluginManage:359 - Loaded plugin analytics (category:tool,tabindex:-1)
2025-10-27 11:03:10,995 [INFO] PluginManage:310 - Check plugin cadmodel
2025-10-27 11:03:11,002 [INFO] CADModel:105 - Init CAD model plugin
2025-10-27 11:03:11,002 [INFO] PluginManage:359 - Loaded plugin cadmodel (category:power,tabindex:5)
2025-10-27 11:03:11,002 [INFO] PluginManage:310 - Check plugin clock
2025-10-27 11:03:11,013 [INFO] PluginManage:359 - Loaded plugin clock (category:base,tabindex:2)
2025-10-27 11:03:11,013 [INFO] PluginManage:310 - Check plugin ddr
2025-10-27 11:03:11,015 [INFO] PluginManage:359 - Loaded plugin ddr (category:tool,tabindex:6)
2025-10-27 11:03:11,016 [INFO] PluginManage:310 - Check plugin filemanager
2025-10-27 11:03:11,194 [INFO] PluginManage:359 - Loaded plugin filemanager (category:base,tabindex:10)
2025-10-27 11:03:11,194 [INFO] PluginManage:310 - Check plugin ipmanager
2025-10-27 11:03:11,199 [INFO] PluginManage:359 - Loaded plugin ipmanager (category:base,tabindex:5)
2025-10-27 11:03:11,199 [INFO] PluginManage:310 - Check plugin lpbam
2025-10-27 11:03:11,209 [INFO] PluginManage:359 - Loaded plugin lpbam (category:base,tabindex:0)
2025-10-27 11:03:11,209 [INFO] PluginManage:310 - Check plugin memorymap
2025-10-27 11:03:11,223 [INFO] PluginManage:359 - Loaded plugin memorymap (category:base,tabindex:4)
2025-10-27 11:03:11,223 [INFO] PluginManage:310 - Check plugin pinoutandconfiguration
2025-10-27 11:03:11,233 [INFO] PluginManage:359 - Loaded plugin pinoutandconfiguration (category:base,tabindex:1)
2025-10-27 11:03:11,234 [INFO] PluginManage:310 - Check plugin pinoutconfig
2025-10-27 11:03:11,328 [WARN] SupportedApi:132 - Cannot load RTOS API schema: s4s-elt-must-match.1: The content of 'definitions' must match (annotation?, (simpleType | complexType)?, (unique | key | keyref)*)). A problem was found starting at: attribute.
2025-10-27 11:03:11,461 [INFO] PluginManage:359 - Loaded plugin pinoutconfig (category:base,tabindex:0)
2025-10-27 11:03:11,462 [INFO] PluginManage:310 - Check plugin power
2025-10-27 11:03:11,473 [INFO] PluginManage:359 - Loaded plugin power (category:power,tabindex:4)
2025-10-27 11:03:11,474 [INFO] PluginManage:310 - Check plugin projectmanager
2025-10-27 11:03:11,490 [INFO] PluginManage:359 - Loaded plugin projectmanager (category:projectmanager,tabindex:4)
2025-10-27 11:03:11,490 [INFO] PluginManage:310 - Check plugin rif
2025-10-27 11:03:11,501 [INFO] PluginManage:359 - Loaded plugin rif (category:base,tabindex:3)
2025-10-27 11:03:11,502 [INFO] PluginManage:310 - Check plugin thirdparty
2025-10-27 11:03:11,641 [INFO] PluginManage:359 - Loaded plugin thirdparty (category:base,tabindex:-1)
2025-10-27 11:03:11,642 [INFO] PluginManage:310 - Check plugin tools
2025-10-27 11:03:11,641 [WARN] IntegrityCheckThread:84 - waiting for thirdparty lock release [integrity check]
2025-10-27 11:03:11,642 [INFO] IntegrityCheckThread:86 - entering critical section [integrity check]
2025-10-27 11:03:11,643 [INFO] ThirdPartyUpdaterWithRetryManager:70 - Updater plugin not ready yet. [1/15]
2025-10-27 11:03:11,645 [INFO] PluginManage:359 - Loaded plugin tools (category:base,tabindex:7)
2025-10-27 11:03:11,645 [INFO] PluginManage:310 - Check plugin tutovideos
2025-10-27 11:03:11,866 [INFO] PluginManage:359 - Loaded plugin tutovideos (category:base,tabindex:-1)
2025-10-27 11:03:11,867 [INFO] PluginManage:310 - Check plugin updater
2025-10-27 11:03:11,907 [INFO] PluginManage:359 - Loaded plugin updater (category:base,tabindex:12)
2025-10-27 11:03:11,908 [INFO] PluginManage:310 - Check plugin userauth
2025-10-27 11:03:11,914 [INFO] UserAuth:118 - Init User Auth plugin
2025-10-27 11:03:11,915 [INFO] PluginManage:359 - Loaded plugin userauth (category:base,tabindex:14)
2025-10-27 11:03:11,916 [INFO] PluginManage:283 - PluginManage : Loaded plugins [18]
2025-10-27 11:03:12,128 [INFO] PinOutPanel:1589 - setPackage(No Configuration,No Configuration)
2025-10-27 11:03:12,205 [INFO] CADModel:165 - CPN selected for project level
2025-10-27 11:03:12,205 [INFO] CADModel:114 - Register for checkConnection events
2025-10-27 11:03:12,217 [INFO] IPUIPlugin:80 - create IPUIPlugin
2025-10-27 11:03:12,217 [INFO] PluginManager:220 - loadIPPluginJar : add ucpd
2025-10-27 11:03:12,219 [INFO] IPUIPlugin:80 - create IPUIPlugin
2025-10-27 11:03:12,219 [INFO] PluginManager:220 - loadIPPluginJar : add ltdc
2025-10-27 11:03:12,224 [INFO] IPUIPlugin:80 - create IPUIPlugin
2025-10-27 11:03:12,225 [INFO] PluginManager:220 - loadIPPluginJar : add gpio
2025-10-27 11:03:12,231 [INFO] IPUIPlugin:80 - create IPUIPlugin
2025-10-27 11:03:12,231 [INFO] PluginManager:220 - loadIPPluginJar : add i2c
2025-10-27 11:03:12,233 [INFO] IPUIPlugin:80 - create IPUIPlugin
2025-10-27 11:03:12,233 [INFO] PluginManager:220 - loadIPPluginJar : add ts
2025-10-27 11:03:12,236 [INFO] IPUIPlugin:80 - create IPUIPlugin
2025-10-27 11:03:12,236 [INFO] PluginManager:220 - loadIPPluginJar : add gtzc
2025-10-27 11:03:12,237 [INFO] IPUIPlugin:80 - create IPUIPlugin
2025-10-27 11:03:12,237 [INFO] PluginManager:220 - loadIPPluginJar : add quadspi
2025-10-27 11:03:12,242 [INFO] IPUIPlugin:80 - create IPUIPlugin
2025-10-27 11:03:12,242 [INFO] PluginManager:220 - loadIPPluginJar : add opamp
2025-10-27 11:03:12,245 [INFO] IPUIPlugin:80 - create IPUIPlugin
2025-10-27 11:03:12,245 [INFO] PluginManager:220 - loadIPPluginJar : add usart
2025-10-27 11:03:12,248 [INFO] IPUIPlugin:80 - create IPUIPlugin
2025-10-27 11:03:12,248 [INFO] PluginManager:220 - loadIPPluginJar : add usbx
2025-10-27 11:03:12,254 [INFO] IPUIPlugin:80 - create IPUIPlugin
2025-10-27 11:03:12,255 [INFO] PluginManager:220 - loadIPPluginJar : add gic
2025-10-27 11:03:12,256 [INFO] IPUIPlugin:80 - create IPUIPlugin
2025-10-27 11:03:12,256 [INFO] PluginManager:220 - loadIPPluginJar : add tsc
2025-10-27 11:03:12,259 [INFO] IPUIPlugin:80 - create IPUIPlugin
2025-10-27 11:03:12,259 [INFO] PluginManager:220 - loadIPPluginJar : add lorawan
2025-10-27 11:03:12,262 [INFO] IPUIPlugin:80 - create IPUIPlugin
2025-10-27 11:03:12,262 [INFO] PluginManager:220 - loadIPPluginJar : add hash
2025-10-27 11:03:12,264 [INFO] IPUIPlugin:80 - create IPUIPlugin
2025-10-27 11:03:12,264 [INFO] PluginManager:220 - loadIPPluginJar : add aes
2025-10-27 11:03:12,266 [INFO] IPUIPlugin:80 - create IPUIPlugin
2025-10-27 11:03:12,266 [INFO] PluginManager:220 - loadIPPluginJar : add cryp
2025-10-27 11:03:12,268 [INFO] IPUIPlugin:80 - create IPUIPlugin
2025-10-27 11:03:12,268 [INFO] PluginManager:220 - loadIPPluginJar : add dfsdm
2025-10-27 11:03:12,276 [INFO] IPUIPlugin:80 - create IPUIPlugin
2025-10-27 11:03:12,276 [INFO] PluginManager:220 - loadIPPluginJar : add stm32_wpan
2025-10-27 11:03:12,280 [INFO] IPUIPlugin:80 - create IPUIPlugin
2025-10-27 11:03:12,280 [INFO] PluginManager:220 - loadIPPluginJar : add ipddr
2025-10-27 11:03:12,282 [INFO] IPUIPlugin:80 - create IPUIPlugin
2025-10-27 11:03:12,282 [INFO] PluginManager:220 - loadIPPluginJar : add spi
2025-10-27 11:03:12,284 [INFO] IPUIPlugin:80 - create IPUIPlugin
2025-10-27 11:03:12,284 [INFO] PluginManager:220 - loadIPPluginJar : add fatfs
2025-10-27 11:03:12,290 [INFO] IPUIPlugin:80 - create IPUIPlugin
2025-10-27 11:03:12,291 [INFO] PluginManager:220 - loadIPPluginJar : add freertos
2025-10-27 11:03:12,293 [INFO] IPUIPlugin:80 - create IPUIPlugin
2025-10-27 11:03:12,294 [INFO] PluginManager:220 - loadIPPluginJar : add i3c
2025-10-27 11:03:12,295 [INFO] IPUIPlugin:80 - create IPUIPlugin
2025-10-27 11:03:12,295 [INFO] PluginManager:220 - loadIPPluginJar : add tim
2025-10-27 11:03:12,297 [INFO] IPUIPlugin:80 - create IPUIPlugin
2025-10-27 11:03:12,298 [INFO] PluginManager:220 - loadIPPluginJar : add radio
2025-10-27 11:03:12,300 [INFO] IPUIPlugin:80 - create IPUIPlugin
2025-10-27 11:03:12,300 [INFO] PluginManager:220 - loadIPPluginJar : add i2s
2025-10-27 11:03:12,302 [INFO] IPUIPlugin:80 - create IPUIPlugin
2025-10-27 11:03:12,302 [INFO] PluginManager:220 - loadIPPluginJar : add pdm2pcm
2025-10-27 11:03:12,305 [INFO] IPUIPlugin:80 - create IPUIPlugin
2025-10-27 11:03:12,305 [INFO] PluginManager:220 - loadIPPluginJar : add sai
2025-10-27 11:03:12,312 [INFO] IPUIPlugin:80 - create IPUIPlugin
2025-10-27 11:03:12,312 [INFO] PluginManager:220 - loadIPPluginJar : add adc
2025-10-27 11:03:12,314 [INFO] IPUIPlugin:80 - create IPUIPlugin
2025-10-27 11:03:12,314 [INFO] PluginManager:220 - loadIPPluginJar : add gfxmmu
2025-10-27 11:03:12,318 [INFO] IPUIPlugin:80 - create IPUIPlugin
2025-10-27 11:03:12,319 [INFO] PluginManager:220 - loadIPPluginJar : add fmc
2025-10-27 11:03:12,321 [INFO] IPUIPlugin:80 - create IPUIPlugin
2025-10-27 11:03:12,322 [INFO] PluginManager:220 - loadIPPluginJar : add extmemmanager
2025-10-27 11:03:12,328 [INFO] IPUIPlugin:80 - create IPUIPlugin
2025-10-27 11:03:12,329 [INFO] PluginManager:220 - loadIPPluginJar : add dma
2025-10-27 11:03:12,330 [INFO] IPUIPlugin:80 - create IPUIPlugin
2025-10-27 11:03:12,331 [INFO] PluginManager:220 - loadIPPluginJar : add tracer_emb
2025-10-27 11:03:12,335 [INFO] IPUIPlugin:80 - create IPUIPlugin
2025-10-27 11:03:12,335 [INFO] PluginManager:220 - loadIPPluginJar : add nvic
2025-10-27 11:03:12,341 [INFO] IPUIPlugin:80 - create IPUIPlugin
2025-10-27 11:03:12,344 [INFO] PluginManager:220 - loadIPPluginJar : add plateformsettings
2025-10-27 11:03:12,347 [INFO] IPUIPlugin:80 - create IPUIPlugin
2025-10-27 11:03:12,347 [INFO] PluginManager:220 - loadIPPluginJar : add ddr_ctrl_phy
2025-10-27 11:03:12,349 [INFO] IPUIPlugin:80 - create IPUIPlugin
2025-10-27 11:03:12,349 [INFO] PluginManager:220 - loadIPPluginJar : add genericplugin
2025-10-27 11:03:12,351 [INFO] IPUIPlugin:80 - create IPUIPlugin
2025-10-27 11:03:12,351 [INFO] PluginManager:220 - loadIPPluginJar : add dma3
2025-10-27 11:03:12,353 [INFO] IPUIPlugin:80 - create IPUIPlugin
2025-10-27 11:03:12,353 [INFO] PluginManager:220 - loadIPPluginJar : add comp
2025-10-27 11:03:12,361 [INFO] IPUIPlugin:80 - create IPUIPlugin
2025-10-27 11:03:12,361 [INFO] PluginManager:220 - loadIPPluginJar : add linkedlist
2025-10-27 11:03:12,368 [INFO] IPUIPlugin:80 - create IPUIPlugin
2025-10-27 11:03:12,368 [INFO] PluginManager:220 - loadIPPluginJar : add mdma
2025-10-27 11:03:12,371 [INFO] IPUIPlugin:80 - create IPUIPlugin
2025-10-27 11:03:12,372 [INFO] PluginManager:220 - loadIPPluginJar : add touchsensing
2025-10-27 11:03:12,375 [INFO] IPUIPlugin:80 - create IPUIPlugin
2025-10-27 11:03:12,375 [INFO] PluginManager:220 - loadIPPluginJar : add openamp
2025-10-27 11:03:12,379 [INFO] IPUIPlugin:80 - create IPUIPlugin
2025-10-27 11:03:12,379 [INFO] PluginManager:220 - loadIPPluginJar : add resmgrutility
2025-10-27 11:03:12,381 [INFO] IPUIPlugin:80 - create IPUIPlugin
2025-10-27 11:03:12,382 [INFO] PluginManager:220 - loadIPPluginJar : add can
2025-10-27 11:03:12,487 [FATAL] Updater:351 - Updater called before beeing initialized
2025-10-27 11:03:12,533 [INFO] RulesReader:64 - Compatibility file has been processed (317 Rules)
2025-10-27 11:03:12,552 [INFO] RulesReader:64 - Compatibility file has been processed (317 Rules)
2025-10-27 11:03:12,563 [INFO] CADModel:165 - CPN selected for project level
2025-10-27 11:03:12,563 [INFO] CADModel:114 - Register for checkConnection events
2025-10-27 11:03:12,564 [FATAL] Updater:351 - Updater called before beeing initialized
2025-10-27 11:03:12,564 [ERROR] CADModel:125 - Updater not yet initialized, retry later 
2025-10-27 11:03:12,740 [FATAL] Updater:351 - Updater called before beeing initialized
2025-10-27 11:03:12,743 [INFO] CADModel:165 - CPN selected for project level
2025-10-27 11:03:12,743 [INFO] CADModel:114 - Register for checkConnection events
2025-10-27 11:03:12,743 [FATAL] Updater:351 - Updater called before beeing initialized
2025-10-27 11:03:12,743 [ERROR] CADModel:125 - Updater not yet initialized, retry later 
2025-10-27 11:03:12,749 [FATAL] Updater:351 - Updater called before beeing initialized
2025-10-27 11:03:12,903 [FATAL] Updater:351 - Updater called before beeing initialized
2025-10-27 11:03:12,911 [INFO] DbMcusAds:53 - JSON generation date=Thu Oct 02 11:36:05 CEST 2025 (1759397765645)
2025-10-27 11:03:12,911 [FATAL] Updater:351 - Updater called before beeing initialized
2025-10-27 11:03:12,959 [WARN] DetailPanel:346 - Failed to get advertising image, set to default
2025-10-27 11:03:13,057 [FATAL] Updater:351 - Updater called before beeing initialized
2025-10-27 11:03:13,060 [FATAL] Updater:351 - Updater called before beeing initialized
2025-10-27 11:03:13,061 [FATAL] Updater:351 - Updater called before beeing initialized
2025-10-27 11:03:13,061 [WARN] DetailPanel:346 - Failed to get advertising image, set to default
2025-10-27 11:03:13,063 [FATAL] Updater:351 - Updater called before beeing initialized
2025-10-27 11:03:13,123 [ERROR] Updater:1198 - MainUpdater not yet initialized. External WinMGr cannot be set.
2025-10-27 11:03:13,127 [INFO] Updater:1134 - Updater Version found : 6.15.0
2025-10-27 11:03:13,154 [INFO] ApplicationProperties:184 - Using Application install path: /home/y360/st/stm32cubeide_1.19.0/plugins/com.st.stm32cube.common.mx_6.15.0.202507011659
2025-10-27 11:03:13,589 [INFO] MainUpdater:2872 - connection check result : 10
2025-10-27 11:03:13,590 [INFO] MainUpdater:289 - Updater Check For Update Now.
2025-10-27 11:03:13,591 [INFO] MicroXplorer:498 - Change Database Version : DB.6.0.150
2025-10-27 11:03:13,603 [INFO] McuFinderGlobals:63 - Set McuFinder mode to 2 (CubeIDE integrated)
2025-10-27 11:03:13,604 [INFO] UserAuth:487 - Internet connection configuration mode: 1
2025-10-27 11:03:13,647 [INFO] JxBrowserEngine:152 - Initiate JxBrowser Engine with user profile folder
2025-10-27 11:03:13,838 [INFO] CheckServerUpdateThread:120 - End of CheckServer Thread
2025-10-27 11:03:14,867 [INFO] WebApp:169 - Instantiating new browser for Auth
2025-10-27 11:03:14,876 [WARN] PackLoader:240 - Cannot read IP mode file for STMicroelectronics.FP-SNS-MOTENVWB1.1.4.0
2025-10-27 11:03:14,893 [WARN] PackLoader:240 - Cannot read IP mode file for STMicroelectronics.FP-ATR-ASTRA1.2.0.2
2025-10-27 11:03:14,905 [WARN] PackLoader:240 - Cannot read IP mode file for STMicroelectronics.X-CUBE-SMBUS.2.1.0
2025-10-27 11:03:14,915 [WARN] PackLoader:240 - Cannot read IP mode file for STMicroelectronics.X-CUBE-ST60.1.0.0
2025-10-27 11:03:14,974 [WARN] PackLoader:240 - Cannot read IP mode file for STMicroelectronics.X-CUBE-AZRTOS-F7.1.1.0
2025-10-27 11:03:14,990 [WARN] PackLoader:240 - Cannot read IP mode file for Cesanta.I-CUBE-Mongoose.7.19.0
2025-10-27 11:03:15,010 [WARN] PackLoader:240 - Cannot read IP mode file for WES.I-CUBE-Cesium.1.4.0
2025-10-27 11:03:15,067 [WARN] PackLoader:240 - Cannot read IP mode file for Infineon.AIROC-Wi-Fi-Bluetooth-STM32.1.7.1
2025-10-27 11:03:15,102 [WARN] PackLoader:240 - Cannot read IP mode file for STMicroelectronics.X-CUBE-AZRTOS-H7.3.4.0
2025-10-27 11:03:15,114 [WARN] PackLoader:240 - Cannot read IP mode file for STMicroelectronics.X-CUBE-DISPLAY.3.0.0
2025-10-27 11:03:15,127 [WARN] PackLoader:240 - Cannot read IP mode file for STMicroelectronics.X-CUBE-NFC10.1.0.0
2025-10-27 11:03:15,134 [WARN] PackLoader:240 - Cannot read IP mode file for STMicroelectronics.X-CUBE-ST60.1.1.0
2025-10-27 11:03:15,140 [WARN] PackLoader:240 - Cannot read IP mode file for emotas.I-CUBE-CANOPEN.1.3.0
2025-10-27 11:03:15,150 [WARN] PackLoader:240 - Cannot read IP mode file for STMicroelectronics.FP-SNS-STBOX1.2.1.0
2025-10-27 11:03:15,156 [WARN] PackLoader:240 - Cannot read IP mode file for STMicroelectronics.FP-SNS-SMARTAG2.1.2.0
2025-10-27 11:03:15,159 [WARN] PackLoader:240 - Cannot read IP mode file for STMicroelectronics.FP-SNS-FLIGHT1.5.1.0
2025-10-27 11:03:15,167 [INFO] LogOutputStream:77 - [STDOUT_REDIRECT] 1 : Invalid condition id : UX_CORESTACK_Condition cause : null
2025-10-27 11:03:15,168 [INFO] LogOutputStream:77 - [STDOUT_REDIRECT] 1 : Invalid condition id : UX_CORESTACK_Condition cause : null
2025-10-27 11:03:15,168 [INFO] LogOutputStream:77 - [STDOUT_REDIRECT] 1 : Invalid condition id : UX_CORESTACK_Condition cause : null
2025-10-27 11:03:15,168 [INFO] LogOutputStream:77 - [STDOUT_REDIRECT] 1 : Invalid condition id : UX_CORESTACK_Condition cause : null
2025-10-27 11:03:15,168 [INFO] LogOutputStream:77 - [STDOUT_REDIRECT] 1 : Invalid condition id : UX_CORESTACK_Condition cause : null
2025-10-27 11:03:15,171 [WARN] PackLoader:240 - Cannot read IP mode file for STMicroelectronics.X-CUBE-AZRTOS-WL.2.0.0
2025-10-27 11:03:15,176 [WARN] PackLoader:240 - Cannot read IP mode file for STMicroelectronics.FP-SNS-MOTENV1.5.0.0
2025-10-27 11:03:15,184 [WARN] PackLoader:240 - Cannot read IP mode file for STMicroelectronics.X-CUBE-BLE2.3.3.0
2025-10-27 11:03:15,194 [WARN] PackLoader:240 - Cannot read IP mode file for STMicroelectronics.X-CUBE-NFC9.1.0.0
2025-10-27 11:03:15,202 [WARN] PackLoader:240 - Cannot read IP mode file for wolfSSL.I-CUBE-wolfSSL.5.8.2
2025-10-27 11:03:15,206 [WARN] PackLoader:240 - Cannot read IP mode file for STMicroelectronics.X-CUBE-BLE1.7.1.0
2025-10-27 11:03:15,209 [WARN] PackLoader:240 - Cannot read IP mode file for wolfSSL.I-CUBE-wolfMQTT.1.19.2
2025-10-27 11:03:15,214 [WARN] PackLoader:240 - Cannot read IP mode file for STMicroelectronics.X-CUBE-EEPRMA1.5.2.0
2025-10-27 11:03:15,220 [WARN] PackLoader:240 - Cannot read IP mode file for STMicroelectronics.X-CUBE-ST67W61.1.1.0
2025-10-27 11:03:15,233 [WARN] PackLoader:240 - Cannot read IP mode file for STMicroelectronics.X-CUBE-AZRTOS-G0.1.1.0
2025-10-27 11:03:15,241 [WARN] PackLoader:240 - Cannot read IP mode file for STMicroelectronics.X-CUBE-SAFEA1.1.2.2
2025-10-27 11:03:15,249 [WARN] PackLoader:240 - Cannot read IP mode file for STMicroelectronics.X-CUBE-NFC4.3.0.0
2025-10-27 11:03:15,267 [WARN] PackLoader:240 - Cannot read IP mode file for EmbeddedOffice.I-CUBE-FS-RTOS.1.0.1
2025-10-27 11:03:15,271 [WARN] PackLoader:240 - Cannot read IP mode file for STMicroelectronics.X-CUBE-WB05N.2.0.0
2025-10-27 11:03:15,275 [WARN] PackLoader:240 - Cannot read IP mode file for wolfSSL.I-CUBE-wolfTPM.3.8.0
2025-10-27 11:03:15,279 [WARN] PackLoader:240 - Cannot read IP mode file for STMicroelectronics.X-CUBE-TCPP.4.2.0
2025-10-27 11:03:15,283 [WARN] PackLoader:240 - Cannot read IP mode file for RealThread.X-CUBE-RT-Thread_Nano.4.1.1
2025-10-27 11:03:15,286 [WARN] PackLoader:240 - Cannot read IP mode file for STMicroelectronics.FP-ATR-SIGFOX1.3.2.0
2025-10-27 11:03:15,291 [WARN] PackLoader:240 - Cannot read IP mode file for ITTIA_DB.I-CUBE-ITTIADB.8.9.0
2025-10-27 11:03:15,297 [WARN] PackLoader:240 - Cannot read IP mode file for STMicroelectronics.X-CUBE-ST67W61.1.0.0
2025-10-27 11:03:15,302 [WARN] PackLoader:240 - Cannot read IP mode file for STMicroelectronics.X-CUBE-AI.10.2.0
2025-10-27 11:03:15,331 [WARN] PackLoader:240 - Cannot read IP mode file for SEGGER.I-CUBE-embOS.1.3.1
2025-10-27 11:03:15,384 [WARN] PackLoader:240 - Cannot read IP mode file for STMicroelectronics.X-CUBE-ALGOBUILD.1.4.0
2025-10-27 11:03:15,446 [WARN] PackLoader:240 - Cannot read IP mode file for STMicroelectronics.X-CUBE-MEMS1.11.3.0
2025-10-27 11:03:15,640 [WARN] PackLoader:240 - Cannot read IP mode file for STMicroelectronics.X-CUBE-PM33A1.1.0.0
2025-10-27 11:03:15,663 [WARN] PackLoader:240 - Cannot read IP mode file for STMicroelectronics.X-CUBE-AZRTOS-F4.1.1.0
2025-10-27 11:03:15,669 [WARN] PackLoader:240 - Cannot read IP mode file for Avnet-IotConnect.X-CUBE-IoTC-DA16k-PMOD.1.0.0
2025-10-27 11:03:15,673 [WARN] PackLoader:240 - Cannot read IP mode file for STMicroelectronics.X-CUBE-ISPU.2.1.0
2025-10-27 11:03:15,688 [WARN] PackLoader:240 - Cannot read IP mode file for STMicroelectronics.X-CUBE-IPS.3.2.0
2025-10-27 11:03:15,704 [WARN] PackLoader:240 - Cannot read IP mode file for STMicroelectronics.X-CUBE-NFC12.1.0.0
2025-10-27 11:03:15,717 [WARN] PackLoader:240 - Cannot read IP mode file for STMicroelectronics.X-CUBE-AZRTOS-L5.2.0.0
2025-10-27 11:03:15,724 [WARN] PackLoader:240 - Cannot read IP mode file for STMicroelectronics.X-CUBE-NFC6.3.1.0
2025-10-27 11:03:15,730 [WARN] PackLoader:240 - Cannot read IP mode file for STMicroelectronics.X-CUBE-FREERTOS.1.3.1
2025-10-27 11:03:15,734 [WARN] PackLoader:240 - Cannot read IP mode file for STMicroelectronics.X-CUBE-TOUCHGFX.4.26.0
2025-10-27 11:03:15,738 [WARN] PackLoader:240 - Cannot read IP mode file for STMicroelectronics.FP-SNS-STAIOTCFT.1.0.0
2025-10-27 11:03:15,742 [WARN] PackLoader:240 - Cannot read IP mode file for STMicroelectronics.X-CUBE-DPower.1.3.0
2025-10-27 11:03:15,761 [WARN] ConditionMgr:438 - getConditionDescription Invalid condition id : LAN8742 Phy interface Condition cause : null
2025-10-27 11:03:15,762 [WARN] PackLoader:240 - Cannot read IP mode file for STMicroelectronics.X-CUBE-AZRTOS-L4.2.0.0
2025-10-27 11:03:15,763 [WARN] ConditionMgr:1044 - genDependencies : Invalid condition id : LAN8742 Phy interface Condition cause : null
2025-10-27 11:03:15,763 [WARN] ConditionMgr:1044 - genDependencies : Invalid condition id : LAN8742 Phy interface Condition cause : null
2025-10-27 11:03:15,764 [WARN] ConditionMgr:1044 - genDependencies : Invalid condition id : LAN8742 Phy interface Condition cause : null
2025-10-27 11:03:15,769 [WARN] PackLoader:240 - Cannot read IP mode file for STMicroelectronics.X-CUBE-SFXS2LP1.4.0.0
2025-10-27 11:03:15,777 [WARN] PackLoader:240 - Cannot read IP mode file for STMicroelectronics.X-CUBE-BLEMGR.4.1.0
2025-10-27 11:03:15,789 [WARN] ConditionMgr:438 - getConditionDescription Invalid condition id : UX DEVICE CLASS RTOS Condition cause : null
2025-10-27 11:03:15,789 [WARN] ConditionMgr:438 - getConditionDescription Invalid condition id : UX DEVICE CLASS RTOS Condition cause : null
2025-10-27 11:03:15,790 [WARN] PackLoader:240 - Cannot read IP mode file for STMicroelectronics.X-CUBE-AZRTOS-WB.2.0.0
2025-10-27 11:03:15,791 [WARN] ConditionMgr:1044 - genDependencies : Invalid condition id : UX DEVICE CLASS RTOS Condition cause : null
2025-10-27 11:03:15,791 [WARN] ConditionMgr:1044 - genDependencies : Invalid condition id : UX DEVICE CLASS RTOS Condition cause : null
2025-10-27 11:03:15,791 [WARN] ConditionMgr:1044 - genDependencies : Invalid condition id : UX DEVICE CLASS RTOS Condition cause : null
2025-10-27 11:03:15,792 [WARN] ConditionMgr:1044 - genDependencies : Invalid condition id : UX DEVICE CLASS RTOS Condition cause : null
2025-10-27 11:03:15,792 [WARN] ConditionMgr:1044 - genDependencies : Invalid condition id : UX DEVICE CLASS RTOS Condition cause : null
2025-10-27 11:03:15,796 [WARN] PackLoader:240 - Cannot read IP mode file for STMicroelectronics.X-CUBE-GNSS1.7.0.1
2025-10-27 11:03:15,799 [WARN] PackLoader:240 - Cannot read IP mode file for STMicroelectronics.X-CUBE-TOUCHGFX.4.25.0
2025-10-27 11:03:15,802 [WARN] ConditionMgr:438 - getConditionDescription Invalid condition id : Cortex-A Device cause : null
2025-10-27 11:03:15,812 [WARN] ConditionMgr:1044 - genDependencies : Invalid condition id : Cortex-A Device cause : null
2025-10-27 11:03:15,812 [WARN] ConditionMgr:1044 - genDependencies : Invalid condition id : Cortex-A Device cause : null
2025-10-27 11:03:15,813 [WARN] ConditionMgr:1044 - genDependencies : Invalid condition id : Cortex-A Device cause : null
2025-10-27 11:03:15,819 [WARN] PackLoader:240 - Cannot read IP mode file for STMicroelectronics.X-CUBE-SUBG2.5.0.0
2025-10-27 11:03:15,836 [WARN] PackLoader:240 - Cannot read IP mode file for STMicroelectronics.X-CUBE-AZRTOS-H7RS.1.1.0
2025-10-27 11:03:15,849 [WARN] PackLoader:240 - Cannot read IP mode file for STMicroelectronics.X-CUBE-AZRTOS-G4.2.0.0
2025-10-27 11:03:15,853 [WARN] PackLoader:240 - Cannot read IP mode file for wolfSSL.I-CUBE-wolfSSH.1.4.20
2025-10-27 11:03:15,857 [WARN] PackLoader:240 - Cannot read IP mode file for STMicroelectronics.X-CUBE-NFC7.2.0.0
2025-10-27 11:03:15,867 [WARN] PackLoader:240 - Cannot read IP mode file for STMicroelectronics.X-CUBE-IPS.3.1.0
2025-10-27 11:03:15,877 [WARN] PackLoader:240 - Cannot read IP mode file for STMicroelectronics.X-CUBE-ALS.1.0.2
2025-10-27 11:03:15,882 [WARN] PackLoader:240 - Cannot read IP mode file for STMicroelectronics.X-CUBE-STSE01.1.0.0
2025-10-27 11:03:15,890 [WARN] PackLoader:240 - Cannot read IP mode file for STMicroelectronics.X-CUBE-TOF1.3.4.3
2025-10-27 11:03:15,901 [INFO] ThirdParty:978 - Integrity check success = true
2025-10-27 11:03:15,901 [INFO] IntegrityCheckThread:100 - exiting critical section [integrity check]
2025-10-27 11:03:15,901 [INFO] IntegrityCheckThread:103 - End integrity checks thread
2025-10-27 11:03:16,024 [INFO] WebApp:463 - Apply proxy settings
2025-10-27 11:03:16,024 [INFO] WebApp:548 - Chromium requires no authentication
2025-10-27 11:03:16,034 [INFO] WebApp:491 - Direct internet connection detected
2025-10-27 11:03:16,058 [INFO] WebApp:900 - Register for checkConnection events
2025-10-27 11:03:16,058 [INFO] WebApp:463 - Apply proxy settings
2025-10-27 11:03:16,059 [INFO] WebApp:548 - Chromium requires no authentication
2025-10-27 11:03:16,060 [INFO] WebApp:491 - Direct internet connection detected
2025-10-27 11:03:16,245 [INFO] WebApp:225 - Starting web application
2025-10-27 11:03:16,245 [INFO] WebApp:593 - Web application path used /home/y360/st/stm32cubeide_1.19.0/plugins/com.st.stm32cube.common.mx_6.15.0.202507011659/db/plugins/mcufinder/reactClient1/index.html
2025-10-27 11:03:16,411 [INFO] WebApp:191 - Connection restablished
2025-10-27 11:03:16,437 [INFO] UserAuth:487 - Internet connection configuration mode: 1
2025-10-27 11:24:00,641 [ERROR] LogOutputStream:75 - [STDERR_REDIRECT] SWT SessionManagerDBus: Failed to UnregisterClient: GDBus.Error:org.freedesktop.DBus.Error.NoReply: Message recipient disconnected from message bus without replying
